Logfile initialized
[INFO] logfile = /Volumes/SSData/Git_Clones/tcmd-code-fork-jhs/Finished_code/Lab340/build.log
[DEBUG] /Users/hassan/Library/Application Support/Titanium/mobilesdk/osx/2.1.0.GA/android/builder.py simulator Lab340 /Users/hassan/Documents/Titanium_Android_SDK /Volumes/SSData/Git_Clones/tcmd-code-fork-jhs/Finished_code/Lab340 com.appcelerator.lab340 8 HVGA 
[INFO] Building Lab340 for Android ... one moment
[INFO] Titanium SDK version: 2.1.0 (06/28/12 12:16 6e3cab6)
[DEBUG] Waiting for device to be ready ...
[TRACE] adb devices returned 1 devices/emulators
[TRACE] adb devices returned 1 devices/emulators
[TRACE] adb devices returned 1 devices/emulators
[TRACE] adb devices returned 1 devices/emulators
[DEBUG] Device connected... (waited 15 seconds)
[DEBUG] waited 15.098845 seconds on emulator to get ready
[INFO] Waiting for the Android Emulator to become available
[DEBUG] com.appcelerator.lab340 installed? False
[INFO] Fastdev server running, deploying in Fastdev mode
[INFO] Copying CommonJS modules...
[INFO] Copying project resources..
[INFO] Detected change in tiapp.xml, or assets deleted. Forcing full re-build...
[TRACE] COPYING CREATED FILE: /Volumes/SSData/Git_Clones/tcmd-code-fork-jhs/Finished_code/Lab340/Resources/android/appicon.png => /Volumes/SSData/Git_Clones/tcmd-code-fork-jhs/Finished_code/Lab340/build/android/bin/assets/Resources/appicon.png
[TRACE] COPYING CREATED FILE: /Volumes/SSData/Git_Clones/tcmd-code-fork-jhs/Finished_code/Lab340/Resources/android/default.png => /Volumes/SSData/Git_Clones/tcmd-code-fork-jhs/Finished_code/Lab340/build/android/bin/assets/Resources/default.png
[TRACE] COPYING CREATED FILE: /Volumes/SSData/Git_Clones/tcmd-code-fork-jhs/Finished_code/Lab340/Resources/app.js => /Volumes/SSData/Git_Clones/tcmd-code-fork-jhs/Finished_code/Lab340/build/android/bin/assets/Resources/app.js
[TRACE] COPYING CREATED FILE: /Volumes/SSData/Git_Clones/tcmd-code-fork-jhs/Finished_code/Lab340/Resources/ApplicationWindow.js => /Volumes/SSData/Git_Clones/tcmd-code-fork-jhs/Finished_code/Lab340/build/android/bin/assets/Resources/ApplicationWindow.js
[TRACE] COPYING CREATED FILE: /Volumes/SSData/Git_Clones/tcmd-code-fork-jhs/Finished_code/Lab340/Resources/KS_nav_ui.png => /Volumes/SSData/Git_Clones/tcmd-code-fork-jhs/Finished_code/Lab340/build/android/bin/assets/Resources/KS_nav_ui.png
[TRACE] COPYING CREATED FILE: /Volumes/SSData/Git_Clones/tcmd-code-fork-jhs/Finished_code/Lab340/Resources/KS_nav_views.png => /Volumes/SSData/Git_Clones/tcmd-code-fork-jhs/Finished_code/Lab340/build/android/bin/assets/Resources/KS_nav_views.png
[TRACE] Generating Java Classes
[DEBUG] Processing Android resource drawables
[TRACE] COPYING FILE: /Volumes/SSData/Git_Clones/tcmd-code-fork-jhs/Finished_code/Lab340/Resources/android/images/res-long-land-hdpi/default.png => /Volumes/SSData/Git_Clones/tcmd-code-fork-jhs/Finished_code/Lab340/build/android/res/drawable-long-land-hdpi/default_d44e27d97b.png
[TRACE] COPYING FILE: /Volumes/SSData/Git_Clones/tcmd-code-fork-jhs/Finished_code/Lab340/Resources/android/images/res-long-land-ldpi/default.png => /Volumes/SSData/Git_Clones/tcmd-code-fork-jhs/Finished_code/Lab340/build/android/res/drawable-long-land-ldpi/default_d44e27d97b.png
[TRACE] COPYING FILE: /Volumes/SSData/Git_Clones/tcmd-code-fork-jhs/Finished_code/Lab340/Resources/android/images/res-long-port-hdpi/default.png => /Volumes/SSData/Git_Clones/tcmd-code-fork-jhs/Finished_code/Lab340/build/android/res/drawable-long-port-hdpi/default_d44e27d97b.png
[TRACE] COPYING FILE: /Volumes/SSData/Git_Clones/tcmd-code-fork-jhs/Finished_code/Lab340/Resources/android/images/res-long-port-ldpi/default.png => /Volumes/SSData/Git_Clones/tcmd-code-fork-jhs/Finished_code/Lab340/build/android/res/drawable-long-port-ldpi/default_d44e27d97b.png
[TRACE] COPYING FILE: /Volumes/SSData/Git_Clones/tcmd-code-fork-jhs/Finished_code/Lab340/Resources/android/images/res-notlong-land-hdpi/default.png => /Volumes/SSData/Git_Clones/tcmd-code-fork-jhs/Finished_code/Lab340/build/android/res/drawable-notlong-land-hdpi/default_d44e27d97b.png
[TRACE] COPYING FILE: /Volumes/SSData/Git_Clones/tcmd-code-fork-jhs/Finished_code/Lab340/Resources/android/images/res-notlong-land-ldpi/default.png => /Volumes/SSData/Git_Clones/tcmd-code-fork-jhs/Finished_code/Lab340/build/android/res/drawable-notlong-land-ldpi/default_d44e27d97b.png
[TRACE] COPYING FILE: /Volumes/SSData/Git_Clones/tcmd-code-fork-jhs/Finished_code/Lab340/Resources/android/images/res-notlong-land-mdpi/default.png => /Volumes/SSData/Git_Clones/tcmd-code-fork-jhs/Finished_code/Lab340/build/android/res/drawable-notlong-land-mdpi/default_d44e27d97b.png
[TRACE] COPYING FILE: /Volumes/SSData/Git_Clones/tcmd-code-fork-jhs/Finished_code/Lab340/Resources/android/images/res-notlong-port-hdpi/default.png => /Volumes/SSData/Git_Clones/tcmd-code-fork-jhs/Finished_code/Lab340/build/android/res/drawable-notlong-port-hdpi/default_d44e27d97b.png
[TRACE] COPYING FILE: /Volumes/SSData/Git_Clones/tcmd-code-fork-jhs/Finished_code/Lab340/Resources/android/images/res-notlong-port-ldpi/default.png => /Volumes/SSData/Git_Clones/tcmd-code-fork-jhs/Finished_code/Lab340/build/android/res/drawable-notlong-port-ldpi/default_d44e27d97b.png
[TRACE] COPYING FILE: /Volumes/SSData/Git_Clones/tcmd-code-fork-jhs/Finished_code/Lab340/Resources/android/images/res-notlong-port-mdpi/default.png => /Volumes/SSData/Git_Clones/tcmd-code-fork-jhs/Finished_code/Lab340/build/android/res/drawable-notlong-port-mdpi/default_d44e27d97b.png
[DEBUG] app stylesheet => /Volumes/SSData/Git_Clones/tcmd-code-fork-jhs/Finished_code/Lab340/build/android/gen/com/appcelerator/lab340/ApplicationStylesheet.java
[DEBUG] copying app icon: /Volumes/SSData/Git_Clones/tcmd-code-fork-jhs/Finished_code/Lab340/build/android/bin/assets/Resources/appicon.png
[DEBUG] generating theme.xml
[DEBUG] found drawable-long-land-hdpi splash screen at /Volumes/SSData/Git_Clones/tcmd-code-fork-jhs/Finished_code/Lab340/Resources/android/images/res-long-land-hdpi/default.png
[DEBUG] copying /Volumes/SSData/Git_Clones/tcmd-code-fork-jhs/Finished_code/Lab340/Resources/android/images/res-long-land-hdpi/default.png splash screen to /Volumes/SSData/Git_Clones/tcmd-code-fork-jhs/Finished_code/Lab340/build/android/res/drawable-long-land-hdpi/background.png
[DEBUG] found drawable-long-land-ldpi splash screen at /Volumes/SSData/Git_Clones/tcmd-code-fork-jhs/Finished_code/Lab340/Resources/android/images/res-long-land-ldpi/default.png
[DEBUG] copying /Volumes/SSData/Git_Clones/tcmd-code-fork-jhs/Finished_code/Lab340/Resources/android/images/res-long-land-ldpi/default.png splash screen to /Volumes/SSData/Git_Clones/tcmd-code-fork-jhs/Finished_code/Lab340/build/android/res/drawable-long-land-ldpi/background.png
[DEBUG] found drawable-long-port-hdpi splash screen at /Volumes/SSData/Git_Clones/tcmd-code-fork-jhs/Finished_code/Lab340/Resources/android/images/res-long-port-hdpi/default.png
[DEBUG] copying /Volumes/SSData/Git_Clones/tcmd-code-fork-jhs/Finished_code/Lab340/Resources/android/images/res-long-port-hdpi/default.png splash screen to /Volumes/SSData/Git_Clones/tcmd-code-fork-jhs/Finished_code/Lab340/build/android/res/drawable-long-port-hdpi/background.png
[DEBUG] found drawable-long-port-ldpi splash screen at /Volumes/SSData/Git_Clones/tcmd-code-fork-jhs/Finished_code/Lab340/Resources/android/images/res-long-port-ldpi/default.png
[DEBUG] copying /Volumes/SSData/Git_Clones/tcmd-code-fork-jhs/Finished_code/Lab340/Resources/android/images/res-long-port-ldpi/default.png splash screen to /Volumes/SSData/Git_Clones/tcmd-code-fork-jhs/Finished_code/Lab340/build/android/res/drawable-long-port-ldpi/background.png
[DEBUG] found drawable-notlong-land-hdpi splash screen at /Volumes/SSData/Git_Clones/tcmd-code-fork-jhs/Finished_code/Lab340/Resources/android/images/res-notlong-land-hdpi/default.png
[DEBUG] copying /Volumes/SSData/Git_Clones/tcmd-code-fork-jhs/Finished_code/Lab340/Resources/android/images/res-notlong-land-hdpi/default.png splash screen to /Volumes/SSData/Git_Clones/tcmd-code-fork-jhs/Finished_code/Lab340/build/android/res/drawable-notlong-land-hdpi/background.png
[DEBUG] found drawable-notlong-land-ldpi splash screen at /Volumes/SSData/Git_Clones/tcmd-code-fork-jhs/Finished_code/Lab340/Resources/android/images/res-notlong-land-ldpi/default.png
[DEBUG] copying /Volumes/SSData/Git_Clones/tcmd-code-fork-jhs/Finished_code/Lab340/Resources/android/images/res-notlong-land-ldpi/default.png splash screen to /Volumes/SSData/Git_Clones/tcmd-code-fork-jhs/Finished_code/Lab340/build/android/res/drawable-notlong-land-ldpi/background.png
[DEBUG] found drawable-notlong-land-mdpi splash screen at /Volumes/SSData/Git_Clones/tcmd-code-fork-jhs/Finished_code/Lab340/Resources/android/images/res-notlong-land-mdpi/default.png
[DEBUG] copying /Volumes/SSData/Git_Clones/tcmd-code-fork-jhs/Finished_code/Lab340/Resources/android/images/res-notlong-land-mdpi/default.png splash screen to /Volumes/SSData/Git_Clones/tcmd-code-fork-jhs/Finished_code/Lab340/build/android/res/drawable-notlong-land-mdpi/background.png
[DEBUG] found drawable-notlong-port-hdpi splash screen at /Volumes/SSData/Git_Clones/tcmd-code-fork-jhs/Finished_code/Lab340/Resources/android/images/res-notlong-port-hdpi/default.png
[DEBUG] copying /Volumes/SSData/Git_Clones/tcmd-code-fork-jhs/Finished_code/Lab340/Resources/android/images/res-notlong-port-hdpi/default.png splash screen to /Volumes/SSData/Git_Clones/tcmd-code-fork-jhs/Finished_code/Lab340/build/android/res/drawable-notlong-port-hdpi/background.png
[DEBUG] found drawable-notlong-port-ldpi splash screen at /Volumes/SSData/Git_Clones/tcmd-code-fork-jhs/Finished_code/Lab340/Resources/android/images/res-notlong-port-ldpi/default.png
[DEBUG] copying /Volumes/SSData/Git_Clones/tcmd-code-fork-jhs/Finished_code/Lab340/Resources/android/images/res-notlong-port-ldpi/default.png splash screen to /Volumes/SSData/Git_Clones/tcmd-code-fork-jhs/Finished_code/Lab340/build/android/res/drawable-notlong-port-ldpi/background.png
[DEBUG] found drawable-notlong-port-mdpi splash screen at /Volumes/SSData/Git_Clones/tcmd-code-fork-jhs/Finished_code/Lab340/Resources/android/images/res-notlong-port-mdpi/default.png
[DEBUG] copying /Volumes/SSData/Git_Clones/tcmd-code-fork-jhs/Finished_code/Lab340/Resources/android/images/res-notlong-port-mdpi/default.png splash screen to /Volumes/SSData/Git_Clones/tcmd-code-fork-jhs/Finished_code/Lab340/build/android/res/drawable-notlong-port-mdpi/background.png
[DEBUG] found splash screen at /Volumes/SSData/Git_Clones/tcmd-code-fork-jhs/Finished_code/Lab340/build/android/bin/assets/Resources/default.png
[TRACE] Writing out AndroidManifest.xml
[DEBUG] adding /Volumes/SSData/Git_Clones/tcmd-code-fork-jhs/Finished_code/Lab340/build/android/gen/com/appcelerator/lab340/ApplicationStylesheet.java to javac build list
[DEBUG] adding /Volumes/SSData/Git_Clones/tcmd-code-fork-jhs/Finished_code/Lab340/build/android/gen/com/appcelerator/lab340/Lab340Activity.java to javac build list
[DEBUG] adding /Volumes/SSData/Git_Clones/tcmd-code-fork-jhs/Finished_code/Lab340/build/android/gen/com/appcelerator/lab340/Lab340AppInfo.java to javac build list
[DEBUG] adding /Volumes/SSData/Git_Clones/tcmd-code-fork-jhs/Finished_code/Lab340/build/android/gen/com/appcelerator/lab340/Lab340Application.java to javac build list
[DEBUG] adding /Volumes/SSData/Git_Clones/tcmd-code-fork-jhs/Finished_code/Lab340/build/android/gen/com/appcelerator/lab340/R.java to javac build list
[DEBUG] Building Java Sources: "/Volumes/SSData/Git_Clones/tcmd-code-fork-jhs/Finished_code/Lab340/build/android/gen/com/appcelerator/lab340/ApplicationStylesheet.java" "/Volumes/SSData/Git_Clones/tcmd-code-fork-jhs/Finished_code/Lab340/build/android/gen/com/appcelerator/lab340/Lab340Activity.java" "/Volumes/SSData/Git_Clones/tcmd-code-fork-jhs/Finished_code/Lab340/build/android/gen/com/appcelerator/lab340/Lab340AppInfo.java" "/Volumes/SSData/Git_Clones/tcmd-code-fork-jhs/Finished_code/Lab340/build/android/gen/com/appcelerator/lab340/Lab340Application.java" "/Volumes/SSData/Git_Clones/tcmd-code-fork-jhs/Finished_code/Lab340/build/android/gen/com/appcelerator/lab340/R.java"
[INFO] Waiting for SDCard to become available..
[INFO] Compiling Android Resources... This could take some time
[DEBUG] Android classes.dex built
[DEBUG] creating unsigned apk: /Volumes/SSData/Git_Clones/tcmd-code-fork-jhs/Finished_code/Lab340/build/android/bin/app-unsigned.apk
[DEBUG] from resource zip => assets/Resources/ApplicationWindow.js
[DEBUG] from resource zip => assets/Resources/KS_nav_ui.png
[DEBUG] from resource zip => assets/Resources/KS_nav_views.png
[DEBUG] from resource zip => assets/Resources/app.js
[DEBUG] from resource zip => assets/Resources/appicon.png
[DEBUG] from resource zip => assets/Resources/default.png
[DEBUG] from resource zip => assets/app.json
[DEBUG] from resource zip => assets/index.json
[DEBUG] from resource zip => assets/tiapp.xml
[DEBUG] from resource zip => res/drawable/appicon.png
[DEBUG] from resource zip => res/drawable/background.png
[DEBUG] from resource zip => res/drawable/close.png
[DEBUG] from resource zip => res/drawable/facebook_login.png
[DEBUG] from resource zip => res/drawable/facebook_login_down.png
[DEBUG] from resource zip => res/drawable/facebook_login_wide.png
[DEBUG] from resource zip => res/drawable/facebook_login_wide_down.png
[DEBUG] from resource zip => res/drawable/facebook_logout.png
[DEBUG] from resource zip => res/drawable/facebook_logout_down.png
[DEBUG] from resource zip => res/layout/titanium_tabgroup.xml
[DEBUG] from resource zip => AndroidManifest.xml
[DEBUG] from resource zip => resources.arsc
[DEBUG] from resource zip => res/drawable-hdpi/close.png
[DEBUG] from resource zip => res/drawable-ldpi/close.png
[DEBUG] from resource zip => res/drawable-long-land-hdpi/background.png
[DEBUG] from resource zip => res/drawable-long-land-hdpi/default_d44e27d97b.png
[DEBUG] from resource zip => res/drawable-long-land-ldpi/background.png
[DEBUG] from resource zip => res/drawable-long-land-ldpi/default_d44e27d97b.png
[DEBUG] from resource zip => res/drawable-long-port-hdpi/background.png
[DEBUG] from resource zip => res/drawable-long-port-hdpi/default_d44e27d97b.png
[DEBUG] from resource zip => res/drawable-long-port-ldpi/background.png
[DEBUG] from resource zip => res/drawable-long-port-ldpi/default_d44e27d97b.png
[DEBUG] from resource zip => res/drawable-notlong-land-hdpi/background.png
[DEBUG] from resource zip => res/drawable-notlong-land-hdpi/default_d44e27d97b.png
[DEBUG] from resource zip => res/drawable-notlong-land-ldpi/background.png
[DEBUG] from resource zip => res/drawable-notlong-land-ldpi/default_d44e27d97b.png
[DEBUG] from resource zip => res/drawable-notlong-land-mdpi/background.png
[DEBUG] from resource zip => res/drawable-notlong-land-mdpi/default_d44e27d97b.png
[DEBUG] from resource zip => res/drawable-notlong-port-hdpi/background.png
[DEBUG] from resource zip => res/drawable-notlong-port-hdpi/default_d44e27d97b.png
[DEBUG] from resource zip => res/drawable-notlong-port-ldpi/background.png
[DEBUG] from resource zip => res/drawable-notlong-port-ldpi/default_d44e27d97b.png
[DEBUG] from resource zip => res/drawable-notlong-port-mdpi/background.png
[DEBUG] from resource zip => res/drawable-notlong-port-mdpi/default_d44e27d97b.png
[DEBUG] from JAR /Users/hassan/Library/Application Support/Titanium/mobilesdk/osx/2.1.0.GA/android/thirdparty.jar => org/apache/Commons-NOTICE.txt
[DEBUG] from JAR /Users/hassan/Library/Application Support/Titanium/mobilesdk/osx/2.1.0.GA/android/thirdparty.jar => org/apache/HttpComponents-NOTICE.txt
[DEBUG] from JAR /Users/hassan/Library/Application Support/Titanium/mobilesdk/osx/2.1.0.GA/android/thirdparty.jar => org/apache/mime4j-NOTICE.txt
[DEBUG] from JAR /Users/hassan/Library/Application Support/Titanium/mobilesdk/osx/2.1.0.GA/android/modules/titanium-facebook.jar => ti/modules/titanium/facebook/LICENSE
[DEBUG] from JAR /Users/hassan/Library/Application Support/Titanium/mobilesdk/osx/2.1.0.GA/android/modules/titanium-ui.jar => ti/modules/titanium/ui/widget/webview/binding.js
[DEBUG] from JAR /Users/hassan/Library/Application Support/Titanium/mobilesdk/osx/2.1.0.GA/android/modules/titanium-ui.jar => ti/modules/titanium/ui/widget/webview/binding.min.js
[DEBUG] from JAR /Users/hassan/Library/Application Support/Titanium/mobilesdk/osx/2.1.0.GA/android/modules/titanium-ui.jar => ti/modules/titanium/ui/widget/webview/json2.js
[DEBUG] from JAR /Users/hassan/Library/Application Support/Titanium/mobilesdk/osx/2.1.0.GA/android/titanium.jar => org/appcelerator/titanium/build.properties
[DEBUG] from JAR /Users/hassan/Library/Application Support/Titanium/mobilesdk/osx/2.1.0.GA/android/titanium.jar => org/appcelerator/titanium/res/drawable/background.png
[DEBUG] from JAR /Users/hassan/Library/Application Support/Titanium/mobilesdk/osx/2.1.0.GA/android/titanium.jar => org/appcelerator/titanium/res/drawable/btn_check_buttonless_on.png
[DEBUG] from JAR /Users/hassan/Library/Application Support/Titanium/mobilesdk/osx/2.1.0.GA/android/titanium.jar => org/appcelerator/titanium/res/drawable/btn_check_buttonless_on_18.png
[DEBUG] from JAR /Users/hassan/Library/Application Support/Titanium/mobilesdk/osx/2.1.0.GA/android/titanium.jar => org/appcelerator/titanium/res/drawable/btn_check_buttonless_on_48.png
[DEBUG] from JAR /Users/hassan/Library/Application Support/Titanium/mobilesdk/osx/2.1.0.GA/android/titanium.jar => org/appcelerator/titanium/res/drawable/btn_more.png
[DEBUG] from JAR /Users/hassan/Library/Application Support/Titanium/mobilesdk/osx/2.1.0.GA/android/titanium.jar => org/appcelerator/titanium/res/drawable/btn_more_18.png
[DEBUG] from JAR /Users/hassan/Library/Application Support/Titanium/mobilesdk/osx/2.1.0.GA/android/titanium.jar => org/appcelerator/titanium/res/drawable/btn_more_48.png
[DEBUG] from JAR /Users/hassan/Library/Application Support/Titanium/mobilesdk/osx/2.1.0.GA/android/titanium.jar => org/appcelerator/titanium/res/drawable/btn_picker_normal.9.png
[DEBUG] from JAR /Users/hassan/Library/Application Support/Titanium/mobilesdk/osx/2.1.0.GA/android/titanium.jar => org/appcelerator/titanium/res/drawable/btn_picker_pressed.9.png
[DEBUG] from JAR /Users/hassan/Library/Application Support/Titanium/mobilesdk/osx/2.1.0.GA/android/titanium.jar => org/appcelerator/titanium/res/drawable/btn_picker_selected.9.png
[DEBUG] from JAR /Users/hassan/Library/Application Support/Titanium/mobilesdk/osx/2.1.0.GA/android/titanium.jar => org/appcelerator/titanium/res/drawable/default_icon.png
[DEBUG] from JAR /Users/hassan/Library/Application Support/Titanium/mobilesdk/osx/2.1.0.GA/android/titanium.jar => org/appcelerator/titanium/res/drawable/photoDefault.png
[DEBUG] installing native SDK libs
[DEBUG] Waiting for device to be ready ...
[TRACE] adb devices returned 1 devices/emulators
[DEBUG] Device connected... (waited 0 seconds)
[DEBUG] waited 0.020803 seconds on emulator to get ready
[INFO] Installing application on emulator
[INFO] Launching application ... Lab340
[TRACE] Launch output: Starting: Intent { act=android.intent.action.MAIN cat=[android.intent.category.LAUNCHER] cmp=com.appcelerator.lab340/.Lab340Activity }

[INFO] Deployed Lab340 ... Application should be running.
[DEBUG] signal caught: 15
[DEBUG] calling emulator kill on 3228
